# Synthetic 2-way bookshelf speaker at 15 degrees
# Generated by AcousticSim
# Frequency(Hz)	Magnitude(dB)	Phase(deg)
20.00	73.00	0.00
25.00	75.50	0.00
31.50	78.00	0.00
40.00	80.50	0.00
50.00	82.50	0.00
63.00	84.00	0.00
80.00	85.00	0.00
100.00	85.50	0.00
125.00	85.80	0.00
160.00	86.00	0.00
200.00	85.90	0.00
250.00	85.80	0.00
315.00	85.70	0.00
400.00	85.55	0.00
500.00	85.40	0.00
630.00	85.25	0.00
800.00	85.10	0.00
1000.00	84.90	0.00
1250.00	84.70	0.00
1600.00	84.50	0.00
2000.00	84.20	0.00
2500.00	83.90	0.00
3150.00	83.50	0.00
4000.00	83.00	0.00
5000.00	82.50	0.00
6300.00	81.80	0.00
8000.00	81.00	0.00
10000.00	80.00	0.00
12500.00	78.80	0.00
16000.00	77.00	0.00
20000.00	74.50	0.00
