# Synthetic 2-way bookshelf speaker at 90 degrees
# Generated by AcousticSim
# Frequency(Hz)	Magnitude(dB)	Phase(deg)
20.00	72.95	0.00
25.00	75.45	0.00
31.50	77.90	0.00
40.00	80.30	0.00
50.00	82.20	0.00
63.00	83.50	0.00
80.00	84.20	0.00
100.00	84.35	0.00
125.00	84.20	0.00
160.00	83.80	0.00
200.00	83.20	0.00
250.00	82.40	0.00
315.00	81.45	0.00
400.00	80.30	0.00
500.00	78.95	0.00
630.00	77.45	0.00
800.00	75.70	0.00
1000.00	73.75	0.00
1250.00	71.55	0.00
1600.00	69.10	0.00
2000.00	66.40	0.00
2500.00	63.45	0.00
3150.00	60.25	0.00
4000.00	56.80	0.00
5000.00	53.10	0.00
6300.00	49.20	0.00
8000.00	45.00	0.00
10000.00	40.60	0.00
12500.00	36.00	0.00
16000.00	31.10	0.00
20000.00	26.00	0.00
