# Synthetic 2-way bookshelf speaker at 60 degrees
# Generated by AcousticSim
# Frequency(Hz)	Magnitude(dB)	Phase(deg)
20.00	73.00	0.00
25.00	75.50	0.00
31.50	78.00	0.00
40.00	80.50	0.00
50.00	82.50	0.00
63.00	83.95	0.00
80.00	84.90	0.00
100.00	85.30	0.00
125.00	85.45	0.00
160.00	85.45	0.00
200.00	85.20	0.00
250.00	84.85	0.00
315.00	84.40	0.00
400.00	83.85	0.00
500.00	83.15	0.00
630.00	82.35	0.00
800.00	81.40	0.00
1000.00	80.30	0.00
1250.00	79.00	0.00
1600.00	77.50	0.00
2000.00	75.80	0.00
2500.00	73.90	0.00
3150.00	71.80	0.00
4000.00	69.50	0.00
5000.00	67.00	0.00
6300.00	64.30	0.00
8000.00	61.40	0.00
10000.00	58.30	0.00
12500.00	55.00	0.00
16000.00	51.40	0.00
20000.00	47.50	0.00
