# Synthetic 2-way bookshelf speaker at 45 degrees
# Generated by AcousticSim
# Frequency(Hz)	Magnitude(dB)	Phase(deg)
20.00	73.00	0.00
25.00	75.50	0.00
31.50	78.00	0.00
40.00	80.50	0.00
50.00	82.50	0.00
63.00	84.00	0.00
80.00	85.00	0.00
100.00	85.45	0.00
125.00	85.70	0.00
160.00	85.80	0.00
200.00	85.65	0.00
250.00	85.45	0.00
315.00	85.15	0.00
400.00	84.80	0.00
500.00	84.35	0.00
630.00	83.80	0.00
800.00	83.15	0.00
1000.00	82.40	0.00
1250.00	81.50	0.00
1600.00	80.50	0.00
2000.00	79.30	0.00
2500.00	78.00	0.00
3150.00	76.50	0.00
4000.00	74.80	0.00
5000.00	73.00	0.00
6300.00	71.00	0.00
8000.00	68.80	0.00
10000.00	66.40	0.00
12500.00	63.80	0.00
16000.00	60.80	0.00
20000.00	57.50	0.00
