# Synthetic 2-way bookshelf speaker at 75 degrees
# Generated by AcousticSim
# Frequency(Hz)	Magnitude(dB)	Phase(deg)
20.00	73.00	0.00
25.00	75.50	0.00
31.50	78.00	0.00
40.00	80.45	0.00
50.00	82.40	0.00
63.00	83.80	0.00
80.00	84.65	0.00
100.00	84.95	0.00
125.00	84.95	0.00
160.00	84.75	0.00
200.00	84.35	0.00
250.00	83.80	0.00
315.00	83.10	0.00
400.00	82.25	0.00
500.00	81.25	0.00
630.00	80.10	0.00
800.00	78.75	0.00
1000.00	77.25	0.00
1250.00	75.50	0.00
1600.00	73.50	0.00
2000.00	71.30	0.00
2500.00	68.85	0.00
3150.00	66.20	0.00
4000.00	63.30	0.00
5000.00	60.20	0.00
6300.00	56.90	0.00
8000.00	53.30	0.00
10000.00	49.50	0.00
12500.00	45.50	0.00
16000.00	41.20	0.00
20000.00	36.70	0.00
